<?xml version="1.0" encoding="UTF-8"?>
<!-- Generated by org.testng.reporters.JUnitReportReporter -->
<testsuite hostname="DESKTOP-JIHIAM1" failures="0" tests="4" name="api.test.UserTests" time="6.060" errors="0" timestamp="2024-10-10T16:31:52 BST" skipped="0">
  <testcase classname="api.test.UserTests" name="testPostUser" time="3.155"/>
  <system-out/>
  <testcase classname="api.test.UserTests" name="testGetUserByName" time="0.523"/>
  <system-out/>
  <testcase classname="api.test.UserTests" name="testUpdateUserByName" time="1.920"/>
  <system-out/>
  <testcase classname="api.test.UserTests" name="testDeleteUserByName" time="0.462"/>
  <system-out/>
</testsuite> <!-- api.test.UserTests -->
